FILE_TYPE=LIBRARY_PARTS;
PRIMITIVE 'L78L33ABZ_AP','L78L33ABZ_AP_Other';
  PIN
    'VOUT':
      PIN_NUMBER='(1)';
      NO_LOAD_CHECK=BOTH;
      NO_IO_CHECK=BOTH;
      ALLOW_CONNECT=TRUE;
      PINUSE='OUTPUT';
    'GND':
      PIN_NUMBER='(2)';
      NO_LOAD_CHECK=BOTH;
      NO_IO_CHECK=BOTH;
      ALLOW_CONNECT=TRUE;
      PINUSE='GROUND';
    'VIN':
      PIN_NUMBER='(3)';
      NO_LOAD_CHECK=BOTH;
      NO_IO_CHECK=BOTH;
      ALLOW_CONNECT=TRUE;
      PINUSE='INPUT';
  END_PIN;
  BODY
    PART_NAME='L78L33ABZ_AP';
    PHYS_DES_PREFIX='IC';
    NO_LOAD_CHECK='TRUE';
    PIN_COUNT='3';
    BODY_NAME='L78L33ABZ_AP';
    JEDEC_TYPE='TS1107A1AP';
  END_BODY;
END_PRIMITIVE;
END.
