FILE_TYPE=LIBRARY_PARTS;
PRIMITIVE 'HPZR_C21_QX','HPZR_C21_QX_Other';
  PIN
    'K':
      PIN_NUMBER='(1)';
      NO_LOAD_CHECK=BOTH;
      NO_IO_CHECK=BOTH;
      ALLOW_CONNECT=TRUE;
      PINUSE='UNSPEC';
    'A':
      PIN_NUMBER='(2)';
      NO_LOAD_CHECK=BOTH;
      NO_IO_CHECK=BOTH;
      ALLOW_CONNECT=TRUE;
      PINUSE='UNSPEC';
  END_PIN;
  BODY
    PART_NAME='HPZR_C21_QX';
    PHYS_DES_PREFIX='D';
    NO_LOAD_CHECK='TRUE';
    PIN_COUNT='2';
    BODY_NAME='HPZR_C21_QX';
    JEDEC_TYPE='HPZRC21QX';
  END_BODY;
END_PRIMITIVE;
END.
