FILE_TYPE=LIBRARY_PARTS;
PRIMITIVE 'IXBOD1_08','IXBOD1_08_Other';
  PIN
    'K':
      PIN_NUMBER='(2)';
      NO_LOAD_CHECK=BOTH;
      NO_IO_CHECK=BOTH;
      ALLOW_CONNECT=TRUE;
      PINUSE='UNSPEC';
    'A':
      PIN_NUMBER='(1)';
      NO_LOAD_CHECK=BOTH;
      NO_IO_CHECK=BOTH;
      ALLOW_CONNECT=TRUE;
      PINUSE='UNSPEC';
  END_PIN;
  BODY
    PART_NAME='IXBOD1_08';
    PHYS_DES_PREFIX='D';
    NO_LOAD_CHECK='TRUE';
    PIN_COUNT='2';
    BODY_NAME='IXBOD1_08';
    JEDEC_TYPE='IXBOD108';
  END_BODY;
END_PRIMITIVE;
END.
