FILE_TYPE=LIBRARY_PARTS;
PRIMITIVE 'STW12N120K5','STW12N120K5_Transistor Outline, Vertical';
  PIN
    'G':
      PIN_NUMBER='(1)';
      NO_LOAD_CHECK=BOTH;
      NO_IO_CHECK=BOTH;
      ALLOW_CONNECT=TRUE;
      PINUSE='UNSPEC';
    'D':
      PIN_NUMBER='(2)';
      NO_LOAD_CHECK=BOTH;
      NO_IO_CHECK=BOTH;
      ALLOW_CONNECT=TRUE;
      PINUSE='UNSPEC';
    'S':
      PIN_NUMBER='(3)';
      NO_LOAD_CHECK=BOTH;
      NO_IO_CHECK=BOTH;
      ALLOW_CONNECT=TRUE;
      PINUSE='UNSPEC';
  END_PIN;
  BODY
    PART_NAME='STW12N120K5';
    PHYS_DES_PREFIX='Q';
    NO_LOAD_CHECK='TRUE';
    PIN_COUNT='3';
    BODY_NAME='STW12N120K5';
    JEDEC_TYPE='TO545P515X1560X2445-3P';
  END_BODY;
END_PRIMITIVE;
END.
